/*C1497*/SET SCHEMA PUBLIC
DELETE FROM LEILAO WHERE ID=76
DELETE FROM LEILAO WHERE ID=77
DELETE FROM LEILAO WHERE ID=78
DELETE FROM LEILAO WHERE ID=79
DELETE FROM LEILAO WHERE ID=80
DELETE FROM USUARIO WHERE ID=115
DELETE FROM USUARIO WHERE ID=116
DELETE FROM USUARIO WHERE ID=117
DELETE FROM USUARIO WHERE ID=118
DELETE FROM USUARIO WHERE ID=119
DELETE FROM USUARIO WHERE ID=120
COMMIT
INSERT INTO USUARIO VALUES(121,'renansergionunes@terrabrasil.com.br','Renan S\u00e9rgio Nunes')
COMMIT
INSERT INTO USUARIO VALUES(122,'erickdaniloantoniobarbosa@drimenezes.com','Erick Danilo Antonio Barbosa')
COMMIT
INSERT INTO USUARIO VALUES(123,'giovannianthonyrodrigues_@dprf.gov.br','Giovanni Anthony Rodrigues')
COMMIT
INSERT INTO USUARIO VALUES(124,'andrebryanmendes-72@seraobenedito.com.br','Andr\u00e9 Bryan Mendes')
COMMIT
INSERT INTO USUARIO VALUES(125,'lluandavimarcelopires@raffinimobiliario.com.br','Luan Davi Marcelo Pires')
COMMIT
INSERT INTO LEILAO VALUES(81,'2018-04-30 02:39:34.285000','Chepala','1',10000.0E0,121)
COMMIT
INSERT INTO LEILAO VALUES(82,'2018-04-30 02:39:34.849000','Chevectra','1',15000.0E0,121)
COMMIT
INSERT INTO LEILAO VALUES(83,'2018-04-30 02:39:35.568000','Gurgel','1',1000.0E0,122)
COMMIT
INSERT INTO LEILAO VALUES(84,'2018-04-30 02:39:36.397000','D20 Tunada','1',50000.0E0,122)
COMMIT
INSERT INTO LEILAO VALUES(85,'2018-04-30 02:39:37.039000','Gol Branco Tunado de F\u00e1brica','0',25000.0E0,123)
COMMIT
DELETE FROM LEILAO WHERE ID=81
DELETE FROM LEILAO WHERE ID=82
DELETE FROM LEILAO WHERE ID=83
DELETE FROM LEILAO WHERE ID=84
DELETE FROM LEILAO WHERE ID=85
DELETE FROM USUARIO WHERE ID=121
DELETE FROM USUARIO WHERE ID=122
DELETE FROM USUARIO WHERE ID=123
DELETE FROM USUARIO WHERE ID=124
DELETE FROM USUARIO WHERE ID=125
COMMIT
INSERT INTO USUARIO VALUES(126,'renansergionunes@terrabrasil.com.br','Renan S\u00e9rgio Nunes')
COMMIT
INSERT INTO USUARIO VALUES(127,'erickdaniloantoniobarbosa@drimenezes.com','Erick Danilo Antonio Barbosa')
COMMIT
INSERT INTO USUARIO VALUES(128,'giovannianthonyrodrigues_@dprf.gov.br','Giovanni Anthony Rodrigues')
COMMIT
INSERT INTO USUARIO VALUES(129,'andrebryanmendes-72@seraobenedito.com.br','Andr\u00e9 Bryan Mendes')
COMMIT
INSERT INTO USUARIO VALUES(130,'lluandavimarcelopires@raffinimobiliario.com.br','Luan Davi Marcelo Pires')
COMMIT
INSERT INTO LEILAO VALUES(86,'2018-04-30 02:39:53.210000','Chepala','1',10000.0E0,126)
COMMIT
INSERT INTO LEILAO VALUES(87,'2018-04-30 02:39:53.729000','Chevectra','1',15000.0E0,126)
COMMIT
INSERT INTO LEILAO VALUES(88,'2018-04-30 02:39:54.461000','Gurgel','1',1000.0E0,127)
COMMIT
INSERT INTO LEILAO VALUES(89,'2018-04-30 02:39:55.203000','D20 Tunada','1',50000.0E0,127)
COMMIT
INSERT INTO LEILAO VALUES(90,'2018-04-30 02:39:55.740000','Gol Branco Tunado de F\u00e1brica','0',25000.0E0,128)
COMMIT
DISCONNECT
/*C1496*/SET SCHEMA PUBLIC
DISCONNECT
/*C1495*/SET SCHEMA PUBLIC
DISCONNECT
/*C1500*/SET SCHEMA PUBLIC
DISCONNECT
/*C1498*/SET SCHEMA PUBLIC
DISCONNECT
/*C1499*/SET SCHEMA PUBLIC
DISCONNECT
/*C1503*/SET SCHEMA PUBLIC
DELETE FROM LEILAO WHERE ID=86
DELETE FROM LEILAO WHERE ID=87
DELETE FROM LEILAO WHERE ID=88
DELETE FROM LEILAO WHERE ID=89
DELETE FROM LEILAO WHERE ID=90
DELETE FROM USUARIO WHERE ID=126
DELETE FROM USUARIO WHERE ID=127
DELETE FROM USUARIO WHERE ID=128
DELETE FROM USUARIO WHERE ID=129
DELETE FROM USUARIO WHERE ID=130
COMMIT
DISCONNECT
/*C1502*/SET SCHEMA PUBLIC
DISCONNECT
/*C1501*/SET SCHEMA PUBLIC
DISCONNECT
/*C1506*/SET SCHEMA PUBLIC
INSERT INTO USUARIO VALUES(131,'renansergionunes@terrabrasil.com.br','Renan S\u00e9rgio Nunes')
COMMIT
INSERT INTO USUARIO VALUES(132,'erickdaniloantoniobarbosa@drimenezes.com','Erick Danilo Antonio Barbosa')
COMMIT
INSERT INTO USUARIO VALUES(133,'giovannianthonyrodrigues_@dprf.gov.br','Giovanni Anthony Rodrigues')
COMMIT
INSERT INTO USUARIO VALUES(134,'andrebryanmendes-72@seraobenedito.com.br','Andr\u00e9 Bryan Mendes')
COMMIT
INSERT INTO USUARIO VALUES(135,'lluandavimarcelopires@raffinimobiliario.com.br','Luan Davi Marcelo Pires')
COMMIT
INSERT INTO LEILAO VALUES(91,'2018-04-30 02:43:46.794000','Chepala','1',10000.0E0,131)
COMMIT
INSERT INTO LEILAO VALUES(92,'2018-04-30 02:43:47.307000','Chevectra','1',15000.0E0,131)
COMMIT
INSERT INTO LEILAO VALUES(93,'2018-04-30 02:43:48.043000','Gurgel','1',1000.0E0,132)
COMMIT
INSERT INTO LEILAO VALUES(94,'2018-04-30 02:43:48.765000','D20 Tunada','1',50000.0E0,132)
COMMIT
INSERT INTO LEILAO VALUES(95,'2018-04-30 02:43:49.304000','Gol Branco Tunado de F\u00e1brica','0',25000.0E0,133)
COMMIT
DELETE FROM LEILAO WHERE ID=91
DELETE FROM LEILAO WHERE ID=92
DELETE FROM LEILAO WHERE ID=93
DELETE FROM LEILAO WHERE ID=94
DELETE FROM LEILAO WHERE ID=95
DELETE FROM USUARIO WHERE ID=131
DELETE FROM USUARIO WHERE ID=132
DELETE FROM USUARIO WHERE ID=133
DELETE FROM USUARIO WHERE ID=134
DELETE FROM USUARIO WHERE ID=135
COMMIT
INSERT INTO USUARIO VALUES(136,'renansergionunes@terrabrasil.com.br','Renan S\u00e9rgio Nunes')
COMMIT
INSERT INTO USUARIO VALUES(137,'erickdaniloantoniobarbosa@drimenezes.com','Erick Danilo Antonio Barbosa')
COMMIT
INSERT INTO USUARIO VALUES(138,'giovannianthonyrodrigues_@dprf.gov.br','Giovanni Anthony Rodrigues')
COMMIT
INSERT INTO USUARIO VALUES(139,'andrebryanmendes-72@seraobenedito.com.br','Andr\u00e9 Bryan Mendes')
COMMIT
INSERT INTO USUARIO VALUES(140,'lluandavimarcelopires@raffinimobiliario.com.br','Luan Davi Marcelo Pires')
COMMIT
INSERT INTO LEILAO VALUES(96,'2018-04-30 02:43:57.476000','Chepala','1',10000.0E0,136)
COMMIT
INSERT INTO LEILAO VALUES(97,'2018-04-30 02:43:57.984000','Chevectra','1',15000.0E0,136)
COMMIT
INSERT INTO LEILAO VALUES(98,'2018-04-30 02:43:58.693000','Gurgel','1',1000.0E0,137)
COMMIT
INSERT INTO LEILAO VALUES(99,'2018-04-30 02:43:59.432000','D20 Tunada','1',50000.0E0,137)
COMMIT
INSERT INTO LEILAO VALUES(100,'2018-04-30 02:43:59.947000','Gol Branco Tunado de F\u00e1brica','0',25000.0E0,138)
COMMIT
DELETE FROM LEILAO WHERE ID=96
DELETE FROM LEILAO WHERE ID=97
DELETE FROM LEILAO WHERE ID=98
DELETE FROM LEILAO WHERE ID=99
DELETE FROM LEILAO WHERE ID=100
DELETE FROM USUARIO WHERE ID=136
DELETE FROM USUARIO WHERE ID=137
DELETE FROM USUARIO WHERE ID=138
DELETE FROM USUARIO WHERE ID=139
DELETE FROM USUARIO WHERE ID=140
COMMIT
INSERT INTO USUARIO VALUES(141,'renansergionunes@terrabrasil.com.br','Renan S\u00e9rgio Nunes')
COMMIT
INSERT INTO USUARIO VALUES(142,'erickdaniloantoniobarbosa@drimenezes.com','Erick Danilo Antonio Barbosa')
COMMIT
INSERT INTO USUARIO VALUES(143,'giovannianthonyrodrigues_@dprf.gov.br','Giovanni Anthony Rodrigues')
COMMIT
INSERT INTO USUARIO VALUES(144,'andrebryanmendes-72@seraobenedito.com.br','Andr\u00e9 Bryan Mendes')
COMMIT
INSERT INTO USUARIO VALUES(145,'lluandavimarcelopires@raffinimobiliario.com.br','Luan Davi Marcelo Pires')
COMMIT
INSERT INTO LEILAO VALUES(101,'2018-04-30 02:44:55.195000','Chepala','1',10000.0E0,141)
COMMIT
INSERT INTO LEILAO VALUES(102,'2018-04-30 02:44:55.696000','Chevectra','1',15000.0E0,141)
COMMIT
INSERT INTO LEILAO VALUES(103,'2018-04-30 02:44:56.393000','Gurgel','1',1000.0E0,142)
COMMIT
INSERT INTO LEILAO VALUES(104,'2018-04-30 02:44:57.119000','D20 Tunada','1',50000.0E0,142)
COMMIT
INSERT INTO LEILAO VALUES(105,'2018-04-30 02:44:57.637000','Gol Branco Tunado de F\u00e1brica','0',25000.0E0,143)
COMMIT
DELETE FROM LEILAO WHERE ID=101
DELETE FROM LEILAO WHERE ID=102
DELETE FROM LEILAO WHERE ID=103
DELETE FROM LEILAO WHERE ID=104
DELETE FROM LEILAO WHERE ID=105
DELETE FROM USUARIO WHERE ID=141
DELETE FROM USUARIO WHERE ID=142
DELETE FROM USUARIO WHERE ID=143
DELETE FROM USUARIO WHERE ID=144
DELETE FROM USUARIO WHERE ID=145
COMMIT
INSERT INTO USUARIO VALUES(146,'renansergionunes@terrabrasil.com.br','Renan S\u00e9rgio Nunes')
COMMIT
INSERT INTO USUARIO VALUES(147,'erickdaniloantoniobarbosa@drimenezes.com','Erick Danilo Antonio Barbosa')
COMMIT
INSERT INTO USUARIO VALUES(148,'giovannianthonyrodrigues_@dprf.gov.br','Giovanni Anthony Rodrigues')
COMMIT
INSERT INTO USUARIO VALUES(149,'andrebryanmendes-72@seraobenedito.com.br','Andr\u00e9 Bryan Mendes')
COMMIT
INSERT INTO USUARIO VALUES(150,'lluandavimarcelopires@raffinimobiliario.com.br','Luan Davi Marcelo Pires')
COMMIT
INSERT INTO LEILAO VALUES(106,'2018-04-30 02:45:06.384000','Chepala','1',10000.0E0,146)
COMMIT
INSERT INTO LEILAO VALUES(107,'2018-04-30 02:45:06.897000','Chevectra','1',15000.0E0,146)
COMMIT
INSERT INTO LEILAO VALUES(108,'2018-04-30 02:45:07.592000','Gurgel','1',1000.0E0,147)
COMMIT
INSERT INTO LEILAO VALUES(109,'2018-04-30 02:45:08.411000','D20 Tunada','1',50000.0E0,147)
COMMIT
INSERT INTO LEILAO VALUES(110,'2018-04-30 02:45:08.966000','Gol Branco Tunado de F\u00e1brica','0',25000.0E0,148)
COMMIT
DELETE FROM LEILAO WHERE ID=106
DELETE FROM LEILAO WHERE ID=107
DELETE FROM LEILAO WHERE ID=108
DELETE FROM LEILAO WHERE ID=109
DELETE FROM LEILAO WHERE ID=110
DELETE FROM USUARIO WHERE ID=146
DELETE FROM USUARIO WHERE ID=147
DELETE FROM USUARIO WHERE ID=148
DELETE FROM USUARIO WHERE ID=149
DELETE FROM USUARIO WHERE ID=150
COMMIT
INSERT INTO USUARIO VALUES(151,'renansergionunes@terrabrasil.com.br','Renan S\u00e9rgio Nunes')
COMMIT
INSERT INTO USUARIO VALUES(152,'erickdaniloantoniobarbosa@drimenezes.com','Erick Danilo Antonio Barbosa')
COMMIT
INSERT INTO USUARIO VALUES(153,'giovannianthonyrodrigues_@dprf.gov.br','Giovanni Anthony Rodrigues')
COMMIT
INSERT INTO USUARIO VALUES(154,'andrebryanmendes-72@seraobenedito.com.br','Andr\u00e9 Bryan Mendes')
COMMIT
INSERT INTO USUARIO VALUES(155,'lluandavimarcelopires@raffinimobiliario.com.br','Luan Davi Marcelo Pires')
COMMIT
INSERT INTO LEILAO VALUES(111,'2018-04-30 02:45:17.552000','Chepala','1',10000.0E0,151)
COMMIT
INSERT INTO LEILAO VALUES(112,'2018-04-30 02:45:18.055000','Chevectra','1',15000.0E0,151)
COMMIT
INSERT INTO LEILAO VALUES(113,'2018-04-30 02:45:18.750000','Gurgel','1',1000.0E0,152)
COMMIT
INSERT INTO LEILAO VALUES(114,'2018-04-30 02:45:19.460000','D20 Tunada','1',50000.0E0,152)
COMMIT
INSERT INTO LEILAO VALUES(115,'2018-04-30 02:45:19.956000','Gol Branco Tunado de F\u00e1brica','0',25000.0E0,153)
COMMIT
DISCONNECT
/*C1505*/SET SCHEMA PUBLIC
DISCONNECT
/*C1504*/SET SCHEMA PUBLIC
DISCONNECT
/*C1509*/SET SCHEMA PUBLIC
DELETE FROM LEILAO WHERE ID=111
DELETE FROM LEILAO WHERE ID=112
DELETE FROM LEILAO WHERE ID=113
DELETE FROM LEILAO WHERE ID=114
DELETE FROM LEILAO WHERE ID=115
DELETE FROM USUARIO WHERE ID=151
DELETE FROM USUARIO WHERE ID=152
DELETE FROM USUARIO WHERE ID=153
DELETE FROM USUARIO WHERE ID=154
DELETE FROM USUARIO WHERE ID=155
COMMIT
INSERT INTO USUARIO VALUES(156,'renansergionunes@terrabrasil.com.br','Renan S\u00e9rgio Nunes')
COMMIT
INSERT INTO USUARIO VALUES(157,'erickdaniloantoniobarbosa@drimenezes.com','Erick Danilo Antonio Barbosa')
COMMIT
INSERT INTO USUARIO VALUES(158,'giovannianthonyrodrigues_@dprf.gov.br','Giovanni Anthony Rodrigues')
COMMIT
INSERT INTO USUARIO VALUES(159,'andrebryanmendes-72@seraobenedito.com.br','Andr\u00e9 Bryan Mendes')
COMMIT
INSERT INTO USUARIO VALUES(160,'lluandavimarcelopires@raffinimobiliario.com.br','Luan Davi Marcelo Pires')
COMMIT
INSERT INTO LEILAO VALUES(116,'2018-04-30 02:46:28.739000','Chepala','1',10000.0E0,156)
COMMIT
INSERT INTO LEILAO VALUES(117,'2018-04-30 02:46:29.241000','Chevectra','1',15000.0E0,156)
COMMIT
INSERT INTO LEILAO VALUES(118,'2018-04-30 02:46:29.943000','Gurgel','1',1000.0E0,157)
COMMIT
INSERT INTO LEILAO VALUES(119,'2018-04-30 02:46:30.649000','D20 Tunada','1',50000.0E0,157)
COMMIT
INSERT INTO LEILAO VALUES(120,'2018-04-30 02:46:31.197000','Gol Branco Tunado de F\u00e1brica','0',25000.0E0,158)
COMMIT
DELETE FROM LEILAO WHERE ID=116
DELETE FROM LEILAO WHERE ID=117
DELETE FROM LEILAO WHERE ID=118
DELETE FROM LEILAO WHERE ID=119
DELETE FROM LEILAO WHERE ID=120
DELETE FROM USUARIO WHERE ID=156
DELETE FROM USUARIO WHERE ID=157
DELETE FROM USUARIO WHERE ID=158
DELETE FROM USUARIO WHERE ID=159
DELETE FROM USUARIO WHERE ID=160
COMMIT
INSERT INTO USUARIO VALUES(161,'renansergionunes@terrabrasil.com.br','Renan S\u00e9rgio Nunes')
COMMIT
INSERT INTO USUARIO VALUES(162,'erickdaniloantoniobarbosa@drimenezes.com','Erick Danilo Antonio Barbosa')
COMMIT
INSERT INTO USUARIO VALUES(163,'giovannianthonyrodrigues_@dprf.gov.br','Giovanni Anthony Rodrigues')
COMMIT
INSERT INTO USUARIO VALUES(164,'andrebryanmendes-72@seraobenedito.com.br','Andr\u00e9 Bryan Mendes')
COMMIT
INSERT INTO USUARIO VALUES(165,'lluandavimarcelopires@raffinimobiliario.com.br','Luan Davi Marcelo Pires')
COMMIT
INSERT INTO LEILAO VALUES(121,'2018-04-30 02:46:40.398000','Chepala','1',10000.0E0,161)
COMMIT
INSERT INTO LEILAO VALUES(122,'2018-04-30 02:46:40.906000','Chevectra','1',15000.0E0,161)
COMMIT
INSERT INTO LEILAO VALUES(123,'2018-04-30 02:46:41.637000','Gurgel','1',1000.0E0,162)
COMMIT
INSERT INTO LEILAO VALUES(124,'2018-04-30 02:46:42.369000','D20 Tunada','1',50000.0E0,162)
COMMIT
INSERT INTO LEILAO VALUES(125,'2018-04-30 02:46:42.892000','Gol Branco Tunado de F\u00e1brica','0',25000.0E0,163)
COMMIT
INSERT INTO LEILAO VALUES(126,'2018-04-30 02:46:43.571000','Geladeira','1',123.0E0,161)
COMMIT
DELETE FROM LEILAO WHERE ID=121
DELETE FROM LEILAO WHERE ID=122
DELETE FROM LEILAO WHERE ID=123
DELETE FROM LEILAO WHERE ID=124
DELETE FROM LEILAO WHERE ID=125
DELETE FROM LEILAO WHERE ID=126
DELETE FROM USUARIO WHERE ID=161
DELETE FROM USUARIO WHERE ID=162
DELETE FROM USUARIO WHERE ID=163
DELETE FROM USUARIO WHERE ID=164
DELETE FROM USUARIO WHERE ID=165
COMMIT
INSERT INTO USUARIO VALUES(166,'renansergionunes@terrabrasil.com.br','Renan S\u00e9rgio Nunes')
COMMIT
INSERT INTO USUARIO VALUES(167,'erickdaniloantoniobarbosa@drimenezes.com','Erick Danilo Antonio Barbosa')
COMMIT
INSERT INTO USUARIO VALUES(168,'giovannianthonyrodrigues_@dprf.gov.br','Giovanni Anthony Rodrigues')
COMMIT
INSERT INTO USUARIO VALUES(169,'andrebryanmendes-72@seraobenedito.com.br','Andr\u00e9 Bryan Mendes')
COMMIT
INSERT INTO USUARIO VALUES(170,'lluandavimarcelopires@raffinimobiliario.com.br','Luan Davi Marcelo Pires')
COMMIT
INSERT INTO LEILAO VALUES(127,'2018-04-30 02:46:51.989000','Chepala','1',10000.0E0,166)
COMMIT
INSERT INTO LEILAO VALUES(128,'2018-04-30 02:46:52.487000','Chevectra','1',15000.0E0,166)
COMMIT
INSERT INTO LEILAO VALUES(129,'2018-04-30 02:46:53.191000','Gurgel','1',1000.0E0,167)
COMMIT
INSERT INTO LEILAO VALUES(130,'2018-04-30 02:46:53.904000','D20 Tunada','1',50000.0E0,167)
COMMIT
INSERT INTO LEILAO VALUES(131,'2018-04-30 02:46:54.399000','Gol Branco Tunado de F\u00e1brica','0',25000.0E0,168)
COMMIT
/*C1508*/SET SCHEMA PUBLIC
DISCONNECT
/*C1507*/SET SCHEMA PUBLIC
DISCONNECT
/*C1509*/DISCONNECT
/*C1512*/SET SCHEMA PUBLIC
INSERT INTO LANCE VALUES(13,'2018-04-30 02:48:36.548000',1200.0E0,127,166)
COMMIT
DISCONNECT
/*C1511*/SET SCHEMA PUBLIC
DISCONNECT
/*C1510*/SET SCHEMA PUBLIC
DISCONNECT
/*C1515*/SET SCHEMA PUBLIC
DISCONNECT
/*C1513*/SET SCHEMA PUBLIC
DISCONNECT
/*C1514*/SET SCHEMA PUBLIC
DISCONNECT
/*C1518*/SET SCHEMA PUBLIC
DISCONNECT
/*C1516*/SET SCHEMA PUBLIC
DISCONNECT
/*C1517*/SET SCHEMA PUBLIC
DISCONNECT
